<?xml version="1.0" encoding="UTF-8"?>
<!-- Generated by org.testng.reporters.JUnitXMLReporter -->
<testsuite hostname="DESKTOP-HDORF07" name="Test" tests="3" failures="1" timestamp="21 Aug 2019 14:16:00 GMT" time="53.175" errors="0">
  <testcase name="testCreateUser" time="12.286" classname="com.actitime.testscript.CreateUserNew"/>
  <testcase name="testDeleteUser" time="5.604" classname="com.actitime.testscript.DeleteUser"/>
  <testcase name="testEditUser" time="0.005" classname="com.actitime.testscript.EditUser">
    <failure type="java.lang.AssertionError" message="null">
      <![CDATA[java.lang.AssertionError: null
	at com.actitime.testscript.EditUser.testEditUser(EditUser.java:12)
... Removed 26 stack frames]]>
    </failure>
  </testcase> <!-- testEditUser -->
</testsuite> <!-- Test -->
